<?xml version="1.0" encoding="UTF-8"?>
<!-- Generated by org.testng.reporters.JUnitReportReporter -->
<testsuite hostname="LAPTOP-ATULOM02" failures="0" tests="10" name="testCases.LoginAmazon" time="29.948" errors="0" timestamp="2025-02-15T09:48:20 IST" skipped="0">
  <testcase classname="testCases.LoginAmazon" name="LoginAmazons" time="2.127"/>
  <testcase classname="testCases.LoginAmazon" name="LoginAmazons" time="1.327"/>
  <testcase classname="testCases.LoginAmazon" name="LoginAmazons" time="7.209"/>
  <testcase classname="testCases.LoginAmazon" name="LoginAmazons" time="3.529"/>
  <testcase classname="testCases.LoginAmazon" name="LoginAmazons" time="1.323"/>
  <testcase classname="testCases.LoginAmazon" name="LoginAmazons" time="3.099"/>
  <testcase classname="testCases.LoginAmazon" name="LoginAmazons" time="1.165"/>
  <testcase classname="testCases.LoginAmazon" name="LoginAmazons" time="7.420"/>
  <testcase classname="testCases.LoginAmazon" name="LoginAmazons" time="1.546"/>
  <testcase classname="testCases.LoginAmazon" name="LoginAmazons" time="1.203"/>
</testsuite> <!-- testCases.LoginAmazon -->
