<?xml version="1.0" encoding="UTF-8"?>
<!-- Generated by org.testng.reporters.JUnitReportReporter -->
<testsuite hostname="LAPTOP-ATULOM02" failures="0" tests="4" name="testCases.TestNg" time="0.009" errors="0" timestamp="2025-01-27T19:31:13 IST" skipped="0">
  <testcase classname="testCases.TestNg" name="A1" time="0.006"/>
  <testcase classname="testCases.TestNg" name="A" time="0.001"/>
  <testcase classname="testCases.TestNg" name="A2" time="0.001"/>
  <testcase classname="testCases.TestNg" name="A3" time="0.001"/>
</testsuite> <!-- testCases.TestNg -->
