<?xml version="1.0" encoding="UTF-8"?>
<!-- Generated by org.testng.reporters.JUnitReportReporter -->
<testsuite hostname="LAPTOP-ATULOM02" failures="0" tests="1" name="testCases.myFirstTestCase" time="5.010" errors="0" timestamp="2025-01-18T18:57:23 IST" skipped="0">
  <testcase classname="testCases.myFirstTestCase" name="A" time="5.010"/>
</testsuite> <!-- testCases.myFirstTestCase -->
