<?xml version="1.0" encoding="UTF-8"?>
<!-- Generated by org.testng.reporters.JUnitReportReporter -->
<testsuite hostname="LAPTOP-ATULOM02" failures="0" tests="1" name="testCases.LoginFb" time="1.699" errors="0" timestamp="2025-05-02T20:23:16 IST" skipped="0">
  <testcase classname="testCases.LoginFb" name="LoginFacebooks" time="1.699"/>
</testsuite> <!-- testCases.LoginFb -->
