<?xml version="1.0" encoding="UTF-8"?>
<!-- Generated by org.testng.reporters.JUnitReportReporter -->
<testsuite hostname="LAPTOP-ATULOM02" failures="0" tests="1" name="testCases.Secondclass" time="0.874" errors="0" timestamp="2025-01-18T19:53:16 IST" skipped="0">
  <testcase classname="testCases.Secondclass" name="getShett" time="0.874"/>
</testsuite> <!-- testCases.Secondclass -->
