<?xml version="1.0" encoding="UTF-8"?>
<!-- Generated by org.testng.reporters.JUnitReportReporter -->
<testsuite hostname="LAPTOP-ATULOM02" failures="0" tests="1" name="testCases.LoginGoogle" time="1.755" errors="0" timestamp="2025-01-19T14:02:06 IST" skipped="0">
  <testcase classname="testCases.LoginGoogle" name="googleLogin" time="1.755"/>
</testsuite> <!-- testCases.LoginGoogle -->
